<?xml version="1.0" encoding="UTF-8"?>
<coverage generated="1631760127613" clover="3.2.0">
  <project timestamp="1631760127613" name="All files">
    <metrics statements="57" coveredstatements="38" conditionals="4" coveredconditionals="3" methods="36" coveredmethods="21" elements="97" coveredelements="62" complexity="0" loc="57" ncloc="57" packages="5" files="16" classes="16"/>
    <package name="components">
      <metrics statements="12" coveredstatements="9" conditionals="2" coveredconditionals="2" methods="6" coveredmethods="4"/>
      <file name="App.jsx" path="/Users/andrewburlakov/Desktop/HackReactor_2021/RPP_30/4_SENIOR_PHASE/FEC_Capstone/Atelier/client/src/components/App.jsx">
        <metrics statements="12" coveredstatements="9" conditionals="2" coveredconditionals="2" methods="6" coveredmethods="4"/>
        <line num="14" count="1" type="stmt"/>
        <line num="15" count="1" type="stmt"/>
        <line num="19" count="1" type="stmt"/>
        <line num="23" count="1" type="stmt"/>
        <line num="31" count="1" type="stmt"/>
        <line num="32" count="1" type="stmt"/>
        <line num="37" count="1" type="stmt"/>
        <line num="38" count="1" type="stmt"/>
        <line num="41" count="0" type="stmt"/>
        <line num="42" count="0" type="stmt"/>
        <line num="43" count="0" type="stmt"/>
        <line num="53" count="1" type="stmt"/>
      </file>
    </package>
    <package name="components.QnA">
      <metrics statements="13" coveredstatements="4" conditionals="0" coveredconditionals="0" methods="11" coveredmethods="2"/>
      <file name="MoreQuestionsNAnswers.jsx" path="/Users/andrewburlakov/Desktop/HackReactor_2021/RPP_30/4_SENIOR_PHASE/FEC_Capstone/Atelier/client/src/components/QnA/MoreQuestionsNAnswers.jsx">
        <metrics statements="2" coveredstatements="0" conditionals="0" coveredconditionals="0" methods="2" coveredmethods="0"/>
        <line num="6" count="0" type="stmt"/>
        <line num="10" count="0" type="stmt"/>
      </file>
      <file name="Question.jsx" path="/Users/andrewburlakov/Desktop/HackReactor_2021/RPP_30/4_SENIOR_PHASE/FEC_Capstone/Atelier/client/src/components/QnA/Question.jsx">
        <metrics statements="2" coveredstatements="0" conditionals="0" coveredconditionals="0" methods="2" coveredmethods="0"/>
        <line num="5" count="0" type="stmt"/>
        <line num="9" count="0" type="stmt"/>
      </file>
      <file name="Questions&AnswersContainer.jsx" path="/Users/andrewburlakov/Desktop/HackReactor_2021/RPP_30/4_SENIOR_PHASE/FEC_Capstone/Atelier/client/src/components/QnA/Questions&AnswersContainer.jsx">
        <metrics statements="2" coveredstatements="0" conditionals="0" coveredconditionals="0" methods="2" coveredmethods="0"/>
        <line num="9" count="0" type="stmt"/>
        <line num="13" count="0" type="stmt"/>
      </file>
      <file name="QuestionsList.jsx" path="/Users/andrewburlakov/Desktop/HackReactor_2021/RPP_30/4_SENIOR_PHASE/FEC_Capstone/Atelier/client/src/components/QnA/QuestionsList.jsx">
        <metrics statements="2" coveredstatements="0" conditionals="0" coveredconditionals="0" methods="2" coveredmethods="0"/>
        <line num="7" count="0" type="stmt"/>
        <line num="11" count="0" type="stmt"/>
      </file>
      <file name="SearchQuestions.jsx" path="/Users/andrewburlakov/Desktop/HackReactor_2021/RPP_30/4_SENIOR_PHASE/FEC_Capstone/Atelier/client/src/components/QnA/SearchQuestions.jsx">
        <metrics statements="5" coveredstatements="4" conditionals="0" coveredconditionals="0" methods="3" coveredmethods="2"/>
        <line num="7" count="2" type="stmt"/>
        <line num="8" count="2" type="stmt"/>
        <line num="11" count="2" type="stmt"/>
        <line num="15" count="0" type="stmt"/>
        <line num="21" count="2" type="stmt"/>
      </file>
    </package>
    <package name="components.RelatedProducts">
      <metrics statements="22" coveredstatements="21" conditionals="2" coveredconditionals="1" methods="13" coveredmethods="13"/>
      <file name="Card.jsx" path="/Users/andrewburlakov/Desktop/HackReactor_2021/RPP_30/4_SENIOR_PHASE/FEC_Capstone/Atelier/client/src/components/RelatedProducts/Card.jsx">
        <metrics statements="3" coveredstatements="3" conditionals="0" coveredconditionals="0" methods="2" coveredmethods="2"/>
        <line num="8" count="12" type="stmt"/>
        <line num="9" count="12" type="stmt"/>
        <line num="12" count="12" type="stmt"/>
      </file>
      <file name="OutfitProducts.jsx" path="/Users/andrewburlakov/Desktop/HackReactor_2021/RPP_30/4_SENIOR_PHASE/FEC_Capstone/Atelier/client/src/components/RelatedProducts/OutfitProducts.jsx">
        <metrics statements="3" coveredstatements="3" conditionals="0" coveredconditionals="0" methods="2" coveredmethods="2"/>
        <line num="9" count="1" type="stmt"/>
        <line num="10" count="1" type="stmt"/>
        <line num="14" count="1" type="stmt"/>
      </file>
      <file name="RelatedCard.jsx" path="/Users/andrewburlakov/Desktop/HackReactor_2021/RPP_30/4_SENIOR_PHASE/FEC_Capstone/Atelier/client/src/components/RelatedProducts/RelatedCard.jsx">
        <metrics statements="6" coveredstatements="5" conditionals="2" coveredconditionals="1" methods="3" coveredmethods="3"/>
        <line num="9" count="3" type="stmt"/>
        <line num="10" count="3" type="stmt"/>
        <line num="70" count="3" type="cond" truecount="1" falsecount="1"/>
        <line num="71" count="0" type="stmt"/>
        <line num="77" count="3" type="stmt"/>
        <line num="80" count="12" type="stmt"/>
      </file>
      <file name="RelatedLeft.jsx" path="/Users/andrewburlakov/Desktop/HackReactor_2021/RPP_30/4_SENIOR_PHASE/FEC_Capstone/Atelier/client/src/components/RelatedProducts/RelatedLeft.jsx">
        <metrics statements="3" coveredstatements="3" conditionals="0" coveredconditionals="0" methods="2" coveredmethods="2"/>
        <line num="5" count="3" type="stmt"/>
        <line num="6" count="3" type="stmt"/>
        <line num="10" count="3" type="stmt"/>
      </file>
      <file name="RelatedProducts.jsx" path="/Users/andrewburlakov/Desktop/HackReactor_2021/RPP_30/4_SENIOR_PHASE/FEC_Capstone/Atelier/client/src/components/RelatedProducts/RelatedProducts.jsx">
        <metrics statements="4" coveredstatements="4" conditionals="0" coveredconditionals="0" methods="2" coveredmethods="2"/>
        <line num="9" count="1" type="stmt"/>
        <line num="10" count="1" type="stmt"/>
        <line num="18" count="1" type="stmt"/>
        <line num="19" count="1" type="stmt"/>
      </file>
      <file name="RelatedRight.jsx" path="/Users/andrewburlakov/Desktop/HackReactor_2021/RPP_30/4_SENIOR_PHASE/FEC_Capstone/Atelier/client/src/components/RelatedProducts/RelatedRight.jsx">
        <metrics statements="3" coveredstatements="3" conditionals="0" coveredconditionals="0" methods="2" coveredmethods="2"/>
        <line num="5" count="3" type="stmt"/>
        <line num="6" count="3" type="stmt"/>
        <line num="10" count="3" type="stmt"/>
      </file>
    </package>
    <package name="components.RnR">
      <metrics statements="9" coveredstatements="3" conditionals="0" coveredconditionals="0" methods="6" coveredmethods="2"/>
      <file name="Ratings.jsx" path="/Users/andrewburlakov/Desktop/HackReactor_2021/RPP_30/4_SENIOR_PHASE/FEC_Capstone/Atelier/client/src/components/RnR/Ratings.jsx">
        <metrics statements="3" coveredstatements="0" conditionals="0" coveredconditionals="0" methods="2" coveredmethods="0"/>
        <line num="7" count="0" type="stmt"/>
        <line num="8" count="0" type="stmt"/>
        <line num="15" count="0" type="stmt"/>
      </file>
      <file name="Reviews.jsx" path="/Users/andrewburlakov/Desktop/HackReactor_2021/RPP_30/4_SENIOR_PHASE/FEC_Capstone/Atelier/client/src/components/RnR/Reviews.jsx">
        <metrics statements="3" coveredstatements="0" conditionals="0" coveredconditionals="0" methods="2" coveredmethods="0"/>
        <line num="7" count="0" type="stmt"/>
        <line num="8" count="0" type="stmt"/>
        <line num="15" count="0" type="stmt"/>
      </file>
      <file name="RnR.jsx" path="/Users/andrewburlakov/Desktop/HackReactor_2021/RPP_30/4_SENIOR_PHASE/FEC_Capstone/Atelier/client/src/components/RnR/RnR.jsx">
        <metrics statements="3" coveredstatements="3" conditionals="0" coveredconditionals="0" methods="2" coveredmethods="2"/>
        <line num="8" count="2" type="stmt"/>
        <line num="9" count="2" type="stmt"/>
        <line num="16" count="2" type="stmt"/>
      </file>
    </package>
    <package name="fa-icons">
      <metrics statements="1" coveredstatements="1" conditionals="0" coveredconditionals="0" methods="0" coveredmethods="0"/>
      <file name="fa-icons.js" path="/Users/andrewburlakov/Desktop/HackReactor_2021/RPP_30/4_SENIOR_PHASE/FEC_Capstone/Atelier/client/src/fa-icons/fa-icons.js">
        <metrics statements="1" coveredstatements="1" conditionals="0" coveredconditionals="0" methods="0" coveredmethods="0"/>
        <line num="4" count="2" type="stmt"/>
      </file>
    </package>
  </project>
</coverage>
