{"/Users/andrewburlakov/Desktop/HackReactor_2021/RPP_30/4_SENIOR_PHASE/FEC_Capstone/Atelier/client/src/components/App.jsx": {"path":"/Users/andrewburlakov/Desktop/HackReactor_2021/RPP_30/4_SENIOR_PHASE/FEC_Capstone/Atelier/client/src/components/App.jsx","statementMap":{"0":{"start":{"line":13,"column":4},"end":{"line":13,"column":17}},"1":{"start":{"line":14,"column":4},"end":{"line":17,"column":6}},"2":{"start":{"line":18,"column":4},"end":{"line":18,"column":49}},"3":{"start":{"line":22,"column":18},"end":{"line":28,"column":5}},"4":{"start":{"line":30,"column":4},"end":{"line":30,"column":33}},"5":{"start":{"line":31,"column":4},"end":{"line":31,"column":19}},"6":{"start":{"line":36,"column":15},"end":{"line":36,"column":74}},"7":{"start":{"line":37,"column":4},"end":{"line":46,"column":9}},"8":{"start":{"line":40,"column":8},"end":{"line":40,"column":40}},"9":{"start":{"line":41,"column":8},"end":{"line":41,"column":56}},"10":{"start":{"line":42,"column":8},"end":{"line":42,"column":46}},"11":{"start":{"line":45,"column":8},"end":{"line":45,"column":34}},"12":{"start":{"line":52,"column":4},"end":{"line":71,"column":6}}},"fnMap":{"0":{"name":"(anonymous_0)","decl":{"start":{"line":12,"column":2},"end":{"line":12,"column":3}},"loc":{"start":{"line":12,"column":21},"end":{"line":19,"column":3}},"line":12},"1":{"name":"(anonymous_1)","decl":{"start":{"line":21,"column":2},"end":{"line":21,"column":3}},"loc":{"start":{"line":21,"column":55},"end":{"line":32,"column":3}},"line":21},"2":{"name":"(anonymous_2)","decl":{"start":{"line":34,"column":2},"end":{"line":34,"column":3}},"loc":{"start":{"line":34,"column":22},"end":{"line":48,"column":3}},"line":34},"3":{"name":"(anonymous_3)","decl":{"start":{"line":39,"column":12},"end":{"line":39,"column":13}},"loc":{"start":{"line":39,"column":25},"end":{"line":43,"column":7}},"line":39},"4":{"name":"(anonymous_4)","decl":{"start":{"line":44,"column":13},"end":{"line":44,"column":14}},"loc":{"start":{"line":44,"column":22},"end":{"line":46,"column":7}},"line":44},"5":{"name":"(anonymous_5)","decl":{"start":{"line":50,"column":2},"end":{"line":50,"column":3}},"loc":{"start":{"line":50,"column":11},"end":{"line":72,"column":3}},"line":50}},"branchMap":{"0":{"loc":{"start":{"line":21,"column":31},"end":{"line":21,"column":42}},"type":"default-arg","locations":[{"start":{"line":21,"column":40},"end":{"line":21,"column":42}}],"line":21},"1":{"loc":{"start":{"line":21,"column":44},"end":{"line":21,"column":53}},"type":"default-arg","locations":[{"start":{"line":21,"column":51},"end":{"line":21,"column":53}}],"line":21}},"s":{"0":1,"1":1,"2":1,"3":1,"4":1,"5":1,"6":1,"7":1,"8":0,"9":0,"10":0,"11":0,"12":1},"f":{"0":1,"1":1,"2":1,"3":0,"4":0,"5":1},"b":{"0":[1],"1":[1]},"_coverageSchema":"1a1c01bbd47fc00a2c39e90264f33305004495a9","hash":"a8f4e5b8b422656e503910cc3b1ccf39cad1bd3c"}
,"/Users/andrewburlakov/Desktop/HackReactor_2021/RPP_30/4_SENIOR_PHASE/FEC_Capstone/Atelier/client/src/components/QnA/MoreQuestionsNAnswers.jsx": {"path":"/Users/andrewburlakov/Desktop/HackReactor_2021/RPP_30/4_SENIOR_PHASE/FEC_Capstone/Atelier/client/src/components/QnA/MoreQuestionsNAnswers.jsx","statementMap":{"0":{"start":{"line":6,"column":4},"end":{"line":6,"column":17}},"1":{"start":{"line":10,"column":4},"end":{"line":15,"column":6}}},"fnMap":{"0":{"name":"(anonymous_0)","decl":{"start":{"line":5,"column":2},"end":{"line":5,"column":3}},"loc":{"start":{"line":5,"column":21},"end":{"line":7,"column":3}},"line":5},"1":{"name":"(anonymous_1)","decl":{"start":{"line":9,"column":2},"end":{"line":9,"column":3}},"loc":{"start":{"line":9,"column":11},"end":{"line":16,"column":3}},"line":9}},"branchMap":{},"s":{"0":0,"1":0},"f":{"0":0,"1":0},"b":{},"_coverageSchema":"1a1c01bbd47fc00a2c39e90264f33305004495a9","hash":"9b6aed54ca0af77d8fd1eb2250fc10bde111916e"}
,"/Users/andrewburlakov/Desktop/HackReactor_2021/RPP_30/4_SENIOR_PHASE/FEC_Capstone/Atelier/client/src/components/QnA/Question.jsx": {"path":"/Users/andrewburlakov/Desktop/HackReactor_2021/RPP_30/4_SENIOR_PHASE/FEC_Capstone/Atelier/client/src/components/QnA/Question.jsx","statementMap":{"0":{"start":{"line":5,"column":4},"end":{"line":5,"column":17}},"1":{"start":{"line":9,"column":4},"end":{"line":28,"column":6}}},"fnMap":{"0":{"name":"(anonymous_0)","decl":{"start":{"line":4,"column":2},"end":{"line":4,"column":3}},"loc":{"start":{"line":4,"column":21},"end":{"line":6,"column":3}},"line":4},"1":{"name":"(anonymous_1)","decl":{"start":{"line":8,"column":2},"end":{"line":8,"column":3}},"loc":{"start":{"line":8,"column":11},"end":{"line":29,"column":3}},"line":8}},"branchMap":{},"s":{"0":0,"1":0},"f":{"0":0,"1":0},"b":{},"_coverageSchema":"1a1c01bbd47fc00a2c39e90264f33305004495a9","hash":"d6aa03db8914217ceb872b0b8c30589e153c6982"}
,"/Users/andrewburlakov/Desktop/HackReactor_2021/RPP_30/4_SENIOR_PHASE/FEC_Capstone/Atelier/client/src/components/QnA/Questions&AnswersContainer.jsx": {"path":"/Users/andrewburlakov/Desktop/HackReactor_2021/RPP_30/4_SENIOR_PHASE/FEC_Capstone/Atelier/client/src/components/QnA/Questions&AnswersContainer.jsx","statementMap":{"0":{"start":{"line":9,"column":4},"end":{"line":9,"column":17}},"1":{"start":{"line":13,"column":4},"end":{"line":19,"column":6}}},"fnMap":{"0":{"name":"(anonymous_0)","decl":{"start":{"line":8,"column":2},"end":{"line":8,"column":3}},"loc":{"start":{"line":8,"column":21},"end":{"line":10,"column":3}},"line":8},"1":{"name":"(anonymous_1)","decl":{"start":{"line":12,"column":2},"end":{"line":12,"column":3}},"loc":{"start":{"line":12,"column":11},"end":{"line":20,"column":3}},"line":12}},"branchMap":{},"s":{"0":0,"1":0},"f":{"0":0,"1":0},"b":{},"_coverageSchema":"1a1c01bbd47fc00a2c39e90264f33305004495a9","hash":"9bc2fb698ac503740172d0ef1da1b87b4ea38254"}
,"/Users/andrewburlakov/Desktop/HackReactor_2021/RPP_30/4_SENIOR_PHASE/FEC_Capstone/Atelier/client/src/components/QnA/QuestionsList.jsx": {"path":"/Users/andrewburlakov/Desktop/HackReactor_2021/RPP_30/4_SENIOR_PHASE/FEC_Capstone/Atelier/client/src/components/QnA/QuestionsList.jsx","statementMap":{"0":{"start":{"line":7,"column":4},"end":{"line":7,"column":17}},"1":{"start":{"line":11,"column":4},"end":{"line":17,"column":6}}},"fnMap":{"0":{"name":"(anonymous_0)","decl":{"start":{"line":6,"column":2},"end":{"line":6,"column":3}},"loc":{"start":{"line":6,"column":21},"end":{"line":8,"column":3}},"line":6},"1":{"name":"(anonymous_1)","decl":{"start":{"line":10,"column":2},"end":{"line":10,"column":3}},"loc":{"start":{"line":10,"column":11},"end":{"line":18,"column":3}},"line":10}},"branchMap":{},"s":{"0":0,"1":0},"f":{"0":0,"1":0},"b":{},"_coverageSchema":"1a1c01bbd47fc00a2c39e90264f33305004495a9","hash":"275a60040bfe70f9884ee6480bfe1650325f3251"}
,"/Users/andrewburlakov/Desktop/HackReactor_2021/RPP_30/4_SENIOR_PHASE/FEC_Capstone/Atelier/client/src/components/QnA/SearchQuestions.jsx": {"path":"/Users/andrewburlakov/Desktop/HackReactor_2021/RPP_30/4_SENIOR_PHASE/FEC_Capstone/Atelier/client/src/components/QnA/SearchQuestions.jsx","statementMap":{"0":{"start":{"line":7,"column":4},"end":{"line":7,"column":17}},"1":{"start":{"line":8,"column":4},"end":{"line":10,"column":6}},"2":{"start":{"line":11,"column":4},"end":{"line":11,"column":55}},"3":{"start":{"line":15,"column":4},"end":{"line":17,"column":7}},"4":{"start":{"line":21,"column":4},"end":{"line":31,"column":6}}},"fnMap":{"0":{"name":"(anonymous_0)","decl":{"start":{"line":6,"column":2},"end":{"line":6,"column":3}},"loc":{"start":{"line":6,"column":21},"end":{"line":12,"column":3}},"line":6},"1":{"name":"(anonymous_1)","decl":{"start":{"line":14,"column":2},"end":{"line":14,"column":3}},"loc":{"start":{"line":14,"column":20},"end":{"line":18,"column":3}},"line":14},"2":{"name":"(anonymous_2)","decl":{"start":{"line":20,"column":2},"end":{"line":20,"column":3}},"loc":{"start":{"line":20,"column":11},"end":{"line":32,"column":3}},"line":20}},"branchMap":{},"s":{"0":2,"1":2,"2":2,"3":0,"4":2},"f":{"0":2,"1":0,"2":2},"b":{},"_coverageSchema":"1a1c01bbd47fc00a2c39e90264f33305004495a9","hash":"bd2bfce2f32507ff50ae46d16ac4b1fb9673b6eb"}
,"/Users/andrewburlakov/Desktop/HackReactor_2021/RPP_30/4_SENIOR_PHASE/FEC_Capstone/Atelier/client/src/components/RelatedProducts/Card.jsx": {"path":"/Users/andrewburlakov/Desktop/HackReactor_2021/RPP_30/4_SENIOR_PHASE/FEC_Capstone/Atelier/client/src/components/RelatedProducts/Card.jsx","statementMap":{"0":{"start":{"line":7,"column":4},"end":{"line":7,"column":17}},"1":{"start":{"line":10,"column":4},"end":{"line":24,"column":6}}},"fnMap":{"0":{"name":"(anonymous_0)","decl":{"start":{"line":6,"column":2},"end":{"line":6,"column":3}},"loc":{"start":{"line":6,"column":21},"end":{"line":8,"column":3}},"line":6},"1":{"name":"(anonymous_1)","decl":{"start":{"line":9,"column":2},"end":{"line":9,"column":3}},"loc":{"start":{"line":9,"column":11},"end":{"line":25,"column":3}},"line":9}},"branchMap":{},"s":{"0":0,"1":0},"f":{"0":0,"1":0},"b":{},"_coverageSchema":"1a1c01bbd47fc00a2c39e90264f33305004495a9","hash":"6a7914dc3737012aa02fa00333e092219c93f059"}
,"/Users/andrewburlakov/Desktop/HackReactor_2021/RPP_30/4_SENIOR_PHASE/FEC_Capstone/Atelier/client/src/components/RelatedProducts/OutfitProducts.jsx": {"path":"/Users/andrewburlakov/Desktop/HackReactor_2021/RPP_30/4_SENIOR_PHASE/FEC_Capstone/Atelier/client/src/components/RelatedProducts/OutfitProducts.jsx","statementMap":{"0":{"start":{"line":9,"column":4},"end":{"line":9,"column":17}},"1":{"start":{"line":10,"column":4},"end":{"line":10,"column":20}},"2":{"start":{"line":14,"column":4},"end":{"line":20,"column":6}}},"fnMap":{"0":{"name":"(anonymous_0)","decl":{"start":{"line":8,"column":2},"end":{"line":8,"column":3}},"loc":{"start":{"line":8,"column":21},"end":{"line":11,"column":3}},"line":8},"1":{"name":"(anonymous_1)","decl":{"start":{"line":13,"column":2},"end":{"line":13,"column":3}},"loc":{"start":{"line":13,"column":11},"end":{"line":21,"column":3}},"line":13}},"branchMap":{},"s":{"0":0,"1":0,"2":0},"f":{"0":0,"1":0},"b":{},"_coverageSchema":"1a1c01bbd47fc00a2c39e90264f33305004495a9","hash":"869322b314202aa502557ced976b7381b072e72a"}
,"/Users/andrewburlakov/Desktop/HackReactor_2021/RPP_30/4_SENIOR_PHASE/FEC_Capstone/Atelier/client/src/components/RelatedProducts/RelatedCard.jsx": {"path":"/Users/andrewburlakov/Desktop/HackReactor_2021/RPP_30/4_SENIOR_PHASE/FEC_Capstone/Atelier/client/src/components/RelatedProducts/RelatedCard.jsx","statementMap":{"0":{"start":{"line":9,"column":4},"end":{"line":9,"column":17}},"1":{"start":{"line":10,"column":4},"end":{"line":63,"column":6}},"2":{"start":{"line":68,"column":4},"end":{"line":68,"column":48}},"3":{"start":{"line":70,"column":4},"end":{"line":76,"column":5}},"4":{"start":{"line":71,"column":6},"end":{"line":75,"column":8}},"5":{"start":{"line":77,"column":4},"end":{"line":92,"column":6}},"6":{"start":{"line":80,"column":10},"end":{"line":80,"column":65}}},"fnMap":{"0":{"name":"(anonymous_0)","decl":{"start":{"line":8,"column":2},"end":{"line":8,"column":3}},"loc":{"start":{"line":8,"column":21},"end":{"line":64,"column":3}},"line":8},"1":{"name":"(anonymous_1)","decl":{"start":{"line":66,"column":2},"end":{"line":66,"column":3}},"loc":{"start":{"line":66,"column":11},"end":{"line":93,"column":3}},"line":66},"2":{"name":"(anonymous_2)","decl":{"start":{"line":79,"column":36},"end":{"line":79,"column":37}},"loc":{"start":{"line":80,"column":10},"end":{"line":80,"column":65}},"line":80}},"branchMap":{"0":{"loc":{"start":{"line":70,"column":4},"end":{"line":76,"column":5}},"type":"if","locations":[{"start":{"line":70,"column":4},"end":{"line":76,"column":5}},{"start":{"line":70,"column":4},"end":{"line":76,"column":5}}],"line":70}},"s":{"0":0,"1":0,"2":0,"3":0,"4":0,"5":0,"6":0},"f":{"0":0,"1":0,"2":0},"b":{"0":[0,0]},"_coverageSchema":"1a1c01bbd47fc00a2c39e90264f33305004495a9","hash":"25eb301c820a101b0d42fd3b6a33da84b792c0b3"}
,"/Users/andrewburlakov/Desktop/HackReactor_2021/RPP_30/4_SENIOR_PHASE/FEC_Capstone/Atelier/client/src/components/RelatedProducts/RelatedLeft.jsx": {"path":"/Users/andrewburlakov/Desktop/HackReactor_2021/RPP_30/4_SENIOR_PHASE/FEC_Capstone/Atelier/client/src/components/RelatedProducts/RelatedLeft.jsx","statementMap":{"0":{"start":{"line":5,"column":4},"end":{"line":5,"column":17}},"1":{"start":{"line":6,"column":4},"end":{"line":6,"column":20}},"2":{"start":{"line":10,"column":4},"end":{"line":14,"column":6}}},"fnMap":{"0":{"name":"(anonymous_0)","decl":{"start":{"line":4,"column":2},"end":{"line":4,"column":3}},"loc":{"start":{"line":4,"column":21},"end":{"line":7,"column":3}},"line":4},"1":{"name":"(anonymous_1)","decl":{"start":{"line":9,"column":2},"end":{"line":9,"column":3}},"loc":{"start":{"line":9,"column":11},"end":{"line":15,"column":3}},"line":9}},"branchMap":{},"s":{"0":0,"1":0,"2":0},"f":{"0":0,"1":0},"b":{},"_coverageSchema":"1a1c01bbd47fc00a2c39e90264f33305004495a9","hash":"1f32662de1f50b09fd316ab2e5925d6530138d15"}
,"/Users/andrewburlakov/Desktop/HackReactor_2021/RPP_30/4_SENIOR_PHASE/FEC_Capstone/Atelier/client/src/components/RelatedProducts/RelatedProducts.jsx": {"path":"/Users/andrewburlakov/Desktop/HackReactor_2021/RPP_30/4_SENIOR_PHASE/FEC_Capstone/Atelier/client/src/components/RelatedProducts/RelatedProducts.jsx","statementMap":{"0":{"start":{"line":9,"column":4},"end":{"line":9,"column":17}},"1":{"start":{"line":10,"column":4},"end":{"line":10,"column":20}},"2":{"start":{"line":14,"column":4},"end":{"line":14,"column":46}},"3":{"start":{"line":15,"column":4},"end":{"line":21,"column":6}}},"fnMap":{"0":{"name":"(anonymous_0)","decl":{"start":{"line":8,"column":2},"end":{"line":8,"column":3}},"loc":{"start":{"line":8,"column":21},"end":{"line":11,"column":3}},"line":8},"1":{"name":"(anonymous_1)","decl":{"start":{"line":13,"column":2},"end":{"line":13,"column":3}},"loc":{"start":{"line":13,"column":11},"end":{"line":22,"column":3}},"line":13}},"branchMap":{},"s":{"0":0,"1":0,"2":0,"3":0},"f":{"0":0,"1":0},"b":{},"_coverageSchema":"1a1c01bbd47fc00a2c39e90264f33305004495a9","hash":"ad52b8817815f74512d1b9f0f52cc05faf14961d"}
,"/Users/andrewburlakov/Desktop/HackReactor_2021/RPP_30/4_SENIOR_PHASE/FEC_Capstone/Atelier/client/src/components/RelatedProducts/RelatedRight.jsx": {"path":"/Users/andrewburlakov/Desktop/HackReactor_2021/RPP_30/4_SENIOR_PHASE/FEC_Capstone/Atelier/client/src/components/RelatedProducts/RelatedRight.jsx","statementMap":{"0":{"start":{"line":5,"column":4},"end":{"line":5,"column":17}},"1":{"start":{"line":6,"column":4},"end":{"line":6,"column":20}},"2":{"start":{"line":10,"column":4},"end":{"line":14,"column":6}}},"fnMap":{"0":{"name":"(anonymous_0)","decl":{"start":{"line":4,"column":2},"end":{"line":4,"column":3}},"loc":{"start":{"line":4,"column":21},"end":{"line":7,"column":3}},"line":4},"1":{"name":"(anonymous_1)","decl":{"start":{"line":9,"column":2},"end":{"line":9,"column":3}},"loc":{"start":{"line":9,"column":11},"end":{"line":15,"column":3}},"line":9}},"branchMap":{},"s":{"0":0,"1":0,"2":0},"f":{"0":0,"1":0},"b":{},"_coverageSchema":"1a1c01bbd47fc00a2c39e90264f33305004495a9","hash":"d19dd64fbdfc65c6b1100a3e558406619d1720d1"}
,"/Users/andrewburlakov/Desktop/HackReactor_2021/RPP_30/4_SENIOR_PHASE/FEC_Capstone/Atelier/client/src/fa-icons/fa-icons.js": {"path":"/Users/andrewburlakov/Desktop/HackReactor_2021/RPP_30/4_SENIOR_PHASE/FEC_Capstone/Atelier/client/src/fa-icons/fa-icons.js","statementMap":{"0":{"start":{"line":4,"column":0},"end":{"line":4,"column":22}}},"fnMap":{},"branchMap":{},"s":{"0":1},"f":{},"b":{},"_coverageSchema":"1a1c01bbd47fc00a2c39e90264f33305004495a9","hash":"ed5c41c62cbb70a99f3c65d838b0a6fd1fe04b59"}
}
