{"/Users/andrewburlakov/Desktop/HackReactor_2021/RPP_30/4_SENIOR_PHASE/FEC_Capstone/Atelier/client/src/components/App.jsx": {"path":"/Users/andrewburlakov/Desktop/HackReactor_2021/RPP_30/4_SENIOR_PHASE/FEC_Capstone/Atelier/client/src/components/App.jsx","statementMap":{"0":{"start":{"line":14,"column":4},"end":{"line":14,"column":17}},"1":{"start":{"line":15,"column":4},"end":{"line":18,"column":6}},"2":{"start":{"line":19,"column":4},"end":{"line":19,"column":49}},"3":{"start":{"line":23,"column":18},"end":{"line":29,"column":5}},"4":{"start":{"line":31,"column":4},"end":{"line":31,"column":33}},"5":{"start":{"line":32,"column":4},"end":{"line":32,"column":19}},"6":{"start":{"line":37,"column":15},"end":{"line":37,"column":74}},"7":{"start":{"line":38,"column":4},"end":{"line":47,"column":9}},"8":{"start":{"line":41,"column":8},"end":{"line":41,"column":40}},"9":{"start":{"line":42,"column":8},"end":{"line":42,"column":56}},"10":{"start":{"line":43,"column":8},"end":{"line":43,"column":46}},"11":{"start":{"line":53,"column":4},"end":{"line":71,"column":6}}},"fnMap":{"0":{"name":"(anonymous_0)","decl":{"start":{"line":13,"column":2},"end":{"line":13,"column":3}},"loc":{"start":{"line":13,"column":21},"end":{"line":20,"column":3}},"line":13},"1":{"name":"(anonymous_1)","decl":{"start":{"line":22,"column":2},"end":{"line":22,"column":3}},"loc":{"start":{"line":22,"column":55},"end":{"line":33,"column":3}},"line":22},"2":{"name":"(anonymous_2)","decl":{"start":{"line":35,"column":2},"end":{"line":35,"column":3}},"loc":{"start":{"line":35,"column":22},"end":{"line":49,"column":3}},"line":35},"3":{"name":"(anonymous_3)","decl":{"start":{"line":40,"column":12},"end":{"line":40,"column":13}},"loc":{"start":{"line":40,"column":25},"end":{"line":44,"column":7}},"line":40},"4":{"name":"(anonymous_4)","decl":{"start":{"line":45,"column":13},"end":{"line":45,"column":14}},"loc":{"start":{"line":45,"column":22},"end":{"line":47,"column":7}},"line":45},"5":{"name":"(anonymous_5)","decl":{"start":{"line":51,"column":2},"end":{"line":51,"column":3}},"loc":{"start":{"line":51,"column":11},"end":{"line":72,"column":3}},"line":51}},"branchMap":{"0":{"loc":{"start":{"line":22,"column":31},"end":{"line":22,"column":42}},"type":"default-arg","locations":[{"start":{"line":22,"column":40},"end":{"line":22,"column":42}}],"line":22},"1":{"loc":{"start":{"line":22,"column":44},"end":{"line":22,"column":53}},"type":"default-arg","locations":[{"start":{"line":22,"column":51},"end":{"line":22,"column":53}}],"line":22}},"s":{"0":1,"1":1,"2":1,"3":1,"4":1,"5":1,"6":1,"7":1,"8":0,"9":0,"10":0,"11":1},"f":{"0":1,"1":1,"2":1,"3":0,"4":0,"5":1},"b":{"0":[1],"1":[1]},"_coverageSchema":"1a1c01bbd47fc00a2c39e90264f33305004495a9","hash":"e63d9b7c620f91f3898e1e0fa873608d47dbb84c"}
,"/Users/andrewburlakov/Desktop/HackReactor_2021/RPP_30/4_SENIOR_PHASE/FEC_Capstone/Atelier/client/src/components/QnA/MoreQuestionsNAnswers.jsx": {"path":"/Users/andrewburlakov/Desktop/HackReactor_2021/RPP_30/4_SENIOR_PHASE/FEC_Capstone/Atelier/client/src/components/QnA/MoreQuestionsNAnswers.jsx","statementMap":{"0":{"start":{"line":6,"column":4},"end":{"line":6,"column":17}},"1":{"start":{"line":10,"column":4},"end":{"line":15,"column":6}}},"fnMap":{"0":{"name":"(anonymous_0)","decl":{"start":{"line":5,"column":2},"end":{"line":5,"column":3}},"loc":{"start":{"line":5,"column":21},"end":{"line":7,"column":3}},"line":5},"1":{"name":"(anonymous_1)","decl":{"start":{"line":9,"column":2},"end":{"line":9,"column":3}},"loc":{"start":{"line":9,"column":11},"end":{"line":16,"column":3}},"line":9}},"branchMap":{},"s":{"0":0,"1":0},"f":{"0":0,"1":0},"b":{},"_coverageSchema":"1a1c01bbd47fc00a2c39e90264f33305004495a9","hash":"9b6aed54ca0af77d8fd1eb2250fc10bde111916e"}
,"/Users/andrewburlakov/Desktop/HackReactor_2021/RPP_30/4_SENIOR_PHASE/FEC_Capstone/Atelier/client/src/components/QnA/Question.jsx": {"path":"/Users/andrewburlakov/Desktop/HackReactor_2021/RPP_30/4_SENIOR_PHASE/FEC_Capstone/Atelier/client/src/components/QnA/Question.jsx","statementMap":{"0":{"start":{"line":5,"column":4},"end":{"line":5,"column":17}},"1":{"start":{"line":9,"column":4},"end":{"line":28,"column":6}}},"fnMap":{"0":{"name":"(anonymous_0)","decl":{"start":{"line":4,"column":2},"end":{"line":4,"column":3}},"loc":{"start":{"line":4,"column":21},"end":{"line":6,"column":3}},"line":4},"1":{"name":"(anonymous_1)","decl":{"start":{"line":8,"column":2},"end":{"line":8,"column":3}},"loc":{"start":{"line":8,"column":11},"end":{"line":29,"column":3}},"line":8}},"branchMap":{},"s":{"0":0,"1":0},"f":{"0":0,"1":0},"b":{},"_coverageSchema":"1a1c01bbd47fc00a2c39e90264f33305004495a9","hash":"d6aa03db8914217ceb872b0b8c30589e153c6982"}
,"/Users/andrewburlakov/Desktop/HackReactor_2021/RPP_30/4_SENIOR_PHASE/FEC_Capstone/Atelier/client/src/components/QnA/Questions&AnswersContainer.jsx": {"path":"/Users/andrewburlakov/Desktop/HackReactor_2021/RPP_30/4_SENIOR_PHASE/FEC_Capstone/Atelier/client/src/components/QnA/Questions&AnswersContainer.jsx","statementMap":{"0":{"start":{"line":9,"column":4},"end":{"line":9,"column":17}},"1":{"start":{"line":13,"column":4},"end":{"line":19,"column":6}}},"fnMap":{"0":{"name":"(anonymous_0)","decl":{"start":{"line":8,"column":2},"end":{"line":8,"column":3}},"loc":{"start":{"line":8,"column":21},"end":{"line":10,"column":3}},"line":8},"1":{"name":"(anonymous_1)","decl":{"start":{"line":12,"column":2},"end":{"line":12,"column":3}},"loc":{"start":{"line":12,"column":11},"end":{"line":20,"column":3}},"line":12}},"branchMap":{},"s":{"0":0,"1":0},"f":{"0":0,"1":0},"b":{},"_coverageSchema":"1a1c01bbd47fc00a2c39e90264f33305004495a9","hash":"9bc2fb698ac503740172d0ef1da1b87b4ea38254"}
,"/Users/andrewburlakov/Desktop/HackReactor_2021/RPP_30/4_SENIOR_PHASE/FEC_Capstone/Atelier/client/src/components/QnA/QuestionsList.jsx": {"path":"/Users/andrewburlakov/Desktop/HackReactor_2021/RPP_30/4_SENIOR_PHASE/FEC_Capstone/Atelier/client/src/components/QnA/QuestionsList.jsx","statementMap":{"0":{"start":{"line":7,"column":4},"end":{"line":7,"column":17}},"1":{"start":{"line":11,"column":4},"end":{"line":17,"column":6}}},"fnMap":{"0":{"name":"(anonymous_0)","decl":{"start":{"line":6,"column":2},"end":{"line":6,"column":3}},"loc":{"start":{"line":6,"column":21},"end":{"line":8,"column":3}},"line":6},"1":{"name":"(anonymous_1)","decl":{"start":{"line":10,"column":2},"end":{"line":10,"column":3}},"loc":{"start":{"line":10,"column":11},"end":{"line":18,"column":3}},"line":10}},"branchMap":{},"s":{"0":0,"1":0},"f":{"0":0,"1":0},"b":{},"_coverageSchema":"1a1c01bbd47fc00a2c39e90264f33305004495a9","hash":"275a60040bfe70f9884ee6480bfe1650325f3251"}
,"/Users/andrewburlakov/Desktop/HackReactor_2021/RPP_30/4_SENIOR_PHASE/FEC_Capstone/Atelier/client/src/components/QnA/SearchQuestions.jsx": {"path":"/Users/andrewburlakov/Desktop/HackReactor_2021/RPP_30/4_SENIOR_PHASE/FEC_Capstone/Atelier/client/src/components/QnA/SearchQuestions.jsx","statementMap":{"0":{"start":{"line":7,"column":4},"end":{"line":7,"column":17}},"1":{"start":{"line":8,"column":4},"end":{"line":10,"column":6}},"2":{"start":{"line":11,"column":4},"end":{"line":11,"column":55}},"3":{"start":{"line":15,"column":4},"end":{"line":17,"column":7}},"4":{"start":{"line":21,"column":4},"end":{"line":31,"column":6}}},"fnMap":{"0":{"name":"(anonymous_0)","decl":{"start":{"line":6,"column":2},"end":{"line":6,"column":3}},"loc":{"start":{"line":6,"column":21},"end":{"line":12,"column":3}},"line":6},"1":{"name":"(anonymous_1)","decl":{"start":{"line":14,"column":2},"end":{"line":14,"column":3}},"loc":{"start":{"line":14,"column":20},"end":{"line":18,"column":3}},"line":14},"2":{"name":"(anonymous_2)","decl":{"start":{"line":20,"column":2},"end":{"line":20,"column":3}},"loc":{"start":{"line":20,"column":11},"end":{"line":32,"column":3}},"line":20}},"branchMap":{},"s":{"0":2,"1":2,"2":2,"3":0,"4":2},"f":{"0":2,"1":0,"2":2},"b":{},"_coverageSchema":"1a1c01bbd47fc00a2c39e90264f33305004495a9","hash":"bd2bfce2f32507ff50ae46d16ac4b1fb9673b6eb"}
,"/Users/andrewburlakov/Desktop/HackReactor_2021/RPP_30/4_SENIOR_PHASE/FEC_Capstone/Atelier/client/src/components/RelatedProducts/Card.jsx": {"path":"/Users/andrewburlakov/Desktop/HackReactor_2021/RPP_30/4_SENIOR_PHASE/FEC_Capstone/Atelier/client/src/components/RelatedProducts/Card.jsx","statementMap":{"0":{"start":{"line":8,"column":4},"end":{"line":8,"column":17}},"1":{"start":{"line":9,"column":4},"end":{"line":9,"column":20}},"2":{"start":{"line":12,"column":4},"end":{"line":26,"column":6}}},"fnMap":{"0":{"name":"(anonymous_0)","decl":{"start":{"line":7,"column":2},"end":{"line":7,"column":3}},"loc":{"start":{"line":7,"column":21},"end":{"line":10,"column":3}},"line":7},"1":{"name":"(anonymous_1)","decl":{"start":{"line":11,"column":2},"end":{"line":11,"column":3}},"loc":{"start":{"line":11,"column":11},"end":{"line":27,"column":3}},"line":11}},"branchMap":{},"s":{"0":12,"1":12,"2":12},"f":{"0":12,"1":12},"b":{},"_coverageSchema":"1a1c01bbd47fc00a2c39e90264f33305004495a9","hash":"689059ee05c7c343886070bfb0068d2e6de1bfca"}
,"/Users/andrewburlakov/Desktop/HackReactor_2021/RPP_30/4_SENIOR_PHASE/FEC_Capstone/Atelier/client/src/components/RelatedProducts/OutfitProducts.jsx": {"path":"/Users/andrewburlakov/Desktop/HackReactor_2021/RPP_30/4_SENIOR_PHASE/FEC_Capstone/Atelier/client/src/components/RelatedProducts/OutfitProducts.jsx","statementMap":{"0":{"start":{"line":9,"column":4},"end":{"line":9,"column":17}},"1":{"start":{"line":10,"column":4},"end":{"line":10,"column":20}},"2":{"start":{"line":14,"column":4},"end":{"line":20,"column":6}}},"fnMap":{"0":{"name":"(anonymous_0)","decl":{"start":{"line":8,"column":2},"end":{"line":8,"column":3}},"loc":{"start":{"line":8,"column":21},"end":{"line":11,"column":3}},"line":8},"1":{"name":"(anonymous_1)","decl":{"start":{"line":13,"column":2},"end":{"line":13,"column":3}},"loc":{"start":{"line":13,"column":11},"end":{"line":21,"column":3}},"line":13}},"branchMap":{},"s":{"0":1,"1":1,"2":1},"f":{"0":1,"1":1},"b":{},"_coverageSchema":"1a1c01bbd47fc00a2c39e90264f33305004495a9","hash":"869322b314202aa502557ced976b7381b072e72a"}
,"/Users/andrewburlakov/Desktop/HackReactor_2021/RPP_30/4_SENIOR_PHASE/FEC_Capstone/Atelier/client/src/components/RelatedProducts/RelatedCard.jsx": {"path":"/Users/andrewburlakov/Desktop/HackReactor_2021/RPP_30/4_SENIOR_PHASE/FEC_Capstone/Atelier/client/src/components/RelatedProducts/RelatedCard.jsx","statementMap":{"0":{"start":{"line":9,"column":4},"end":{"line":9,"column":17}},"1":{"start":{"line":10,"column":4},"end":{"line":63,"column":6}},"2":{"start":{"line":70,"column":4},"end":{"line":76,"column":5}},"3":{"start":{"line":71,"column":6},"end":{"line":75,"column":8}},"4":{"start":{"line":77,"column":4},"end":{"line":92,"column":6}},"5":{"start":{"line":80,"column":10},"end":{"line":80,"column":65}}},"fnMap":{"0":{"name":"(anonymous_0)","decl":{"start":{"line":8,"column":2},"end":{"line":8,"column":3}},"loc":{"start":{"line":8,"column":21},"end":{"line":64,"column":3}},"line":8},"1":{"name":"(anonymous_1)","decl":{"start":{"line":66,"column":2},"end":{"line":66,"column":3}},"loc":{"start":{"line":66,"column":11},"end":{"line":93,"column":3}},"line":66},"2":{"name":"(anonymous_2)","decl":{"start":{"line":79,"column":36},"end":{"line":79,"column":37}},"loc":{"start":{"line":80,"column":10},"end":{"line":80,"column":65}},"line":80}},"branchMap":{"0":{"loc":{"start":{"line":70,"column":4},"end":{"line":76,"column":5}},"type":"if","locations":[{"start":{"line":70,"column":4},"end":{"line":76,"column":5}},{"start":{"line":70,"column":4},"end":{"line":76,"column":5}}],"line":70}},"s":{"0":3,"1":3,"2":3,"3":0,"4":3,"5":12},"f":{"0":3,"1":3,"2":12},"b":{"0":[0,3]},"_coverageSchema":"1a1c01bbd47fc00a2c39e90264f33305004495a9","hash":"cef43554c5c4fb6f3ebccc96824050852f00df57"}
,"/Users/andrewburlakov/Desktop/HackReactor_2021/RPP_30/4_SENIOR_PHASE/FEC_Capstone/Atelier/client/src/components/RelatedProducts/RelatedLeft.jsx": {"path":"/Users/andrewburlakov/Desktop/HackReactor_2021/RPP_30/4_SENIOR_PHASE/FEC_Capstone/Atelier/client/src/components/RelatedProducts/RelatedLeft.jsx","statementMap":{"0":{"start":{"line":5,"column":4},"end":{"line":5,"column":17}},"1":{"start":{"line":6,"column":4},"end":{"line":6,"column":20}},"2":{"start":{"line":10,"column":4},"end":{"line":14,"column":6}}},"fnMap":{"0":{"name":"(anonymous_0)","decl":{"start":{"line":4,"column":2},"end":{"line":4,"column":3}},"loc":{"start":{"line":4,"column":21},"end":{"line":7,"column":3}},"line":4},"1":{"name":"(anonymous_1)","decl":{"start":{"line":9,"column":2},"end":{"line":9,"column":3}},"loc":{"start":{"line":9,"column":11},"end":{"line":15,"column":3}},"line":9}},"branchMap":{},"s":{"0":3,"1":3,"2":3},"f":{"0":3,"1":3},"b":{},"_coverageSchema":"1a1c01bbd47fc00a2c39e90264f33305004495a9","hash":"1f32662de1f50b09fd316ab2e5925d6530138d15"}
,"/Users/andrewburlakov/Desktop/HackReactor_2021/RPP_30/4_SENIOR_PHASE/FEC_Capstone/Atelier/client/src/components/RelatedProducts/RelatedProducts.jsx": {"path":"/Users/andrewburlakov/Desktop/HackReactor_2021/RPP_30/4_SENIOR_PHASE/FEC_Capstone/Atelier/client/src/components/RelatedProducts/RelatedProducts.jsx","statementMap":{"0":{"start":{"line":9,"column":4},"end":{"line":9,"column":17}},"1":{"start":{"line":10,"column":4},"end":{"line":10,"column":20}},"2":{"start":{"line":18,"column":4},"end":{"line":18,"column":46}},"3":{"start":{"line":19,"column":4},"end":{"line":25,"column":6}}},"fnMap":{"0":{"name":"(anonymous_0)","decl":{"start":{"line":8,"column":2},"end":{"line":8,"column":3}},"loc":{"start":{"line":8,"column":21},"end":{"line":11,"column":3}},"line":8},"1":{"name":"(anonymous_1)","decl":{"start":{"line":17,"column":2},"end":{"line":17,"column":3}},"loc":{"start":{"line":17,"column":11},"end":{"line":26,"column":3}},"line":17}},"branchMap":{},"s":{"0":1,"1":1,"2":1,"3":1},"f":{"0":1,"1":1},"b":{},"_coverageSchema":"1a1c01bbd47fc00a2c39e90264f33305004495a9","hash":"ca7a7911e4c34cb6159866b1d39901a1fa58e763"}
,"/Users/andrewburlakov/Desktop/HackReactor_2021/RPP_30/4_SENIOR_PHASE/FEC_Capstone/Atelier/client/src/components/RelatedProducts/RelatedRight.jsx": {"path":"/Users/andrewburlakov/Desktop/HackReactor_2021/RPP_30/4_SENIOR_PHASE/FEC_Capstone/Atelier/client/src/components/RelatedProducts/RelatedRight.jsx","statementMap":{"0":{"start":{"line":5,"column":4},"end":{"line":5,"column":17}},"1":{"start":{"line":6,"column":4},"end":{"line":6,"column":20}},"2":{"start":{"line":10,"column":4},"end":{"line":14,"column":6}}},"fnMap":{"0":{"name":"(anonymous_0)","decl":{"start":{"line":4,"column":2},"end":{"line":4,"column":3}},"loc":{"start":{"line":4,"column":21},"end":{"line":7,"column":3}},"line":4},"1":{"name":"(anonymous_1)","decl":{"start":{"line":9,"column":2},"end":{"line":9,"column":3}},"loc":{"start":{"line":9,"column":11},"end":{"line":15,"column":3}},"line":9}},"branchMap":{},"s":{"0":3,"1":3,"2":3},"f":{"0":3,"1":3},"b":{},"_coverageSchema":"1a1c01bbd47fc00a2c39e90264f33305004495a9","hash":"d19dd64fbdfc65c6b1100a3e558406619d1720d1"}
,"/Users/andrewburlakov/Desktop/HackReactor_2021/RPP_30/4_SENIOR_PHASE/FEC_Capstone/Atelier/client/src/components/RnR/Ratings.jsx": {"path":"/Users/andrewburlakov/Desktop/HackReactor_2021/RPP_30/4_SENIOR_PHASE/FEC_Capstone/Atelier/client/src/components/RnR/Ratings.jsx","statementMap":{"0":{"start":{"line":7,"column":4},"end":{"line":7,"column":17}},"1":{"start":{"line":8,"column":4},"end":{"line":10,"column":6}},"2":{"start":{"line":15,"column":4},"end":{"line":44,"column":6}}},"fnMap":{"0":{"name":"(anonymous_0)","decl":{"start":{"line":6,"column":2},"end":{"line":6,"column":3}},"loc":{"start":{"line":6,"column":21},"end":{"line":11,"column":3}},"line":6},"1":{"name":"(anonymous_1)","decl":{"start":{"line":14,"column":2},"end":{"line":14,"column":3}},"loc":{"start":{"line":14,"column":11},"end":{"line":45,"column":3}},"line":14}},"branchMap":{},"s":{"0":0,"1":0,"2":0},"f":{"0":0,"1":0},"b":{},"_coverageSchema":"1a1c01bbd47fc00a2c39e90264f33305004495a9","hash":"39f7d9b0ee73efe8d4fc34da49a9f23d0b4116d8"}
,"/Users/andrewburlakov/Desktop/HackReactor_2021/RPP_30/4_SENIOR_PHASE/FEC_Capstone/Atelier/client/src/components/RnR/Reviews.jsx": {"path":"/Users/andrewburlakov/Desktop/HackReactor_2021/RPP_30/4_SENIOR_PHASE/FEC_Capstone/Atelier/client/src/components/RnR/Reviews.jsx","statementMap":{"0":{"start":{"line":7,"column":4},"end":{"line":7,"column":17}},"1":{"start":{"line":8,"column":4},"end":{"line":10,"column":6}},"2":{"start":{"line":15,"column":4},"end":{"line":27,"column":6}}},"fnMap":{"0":{"name":"(anonymous_0)","decl":{"start":{"line":6,"column":2},"end":{"line":6,"column":3}},"loc":{"start":{"line":6,"column":21},"end":{"line":11,"column":3}},"line":6},"1":{"name":"(anonymous_1)","decl":{"start":{"line":14,"column":2},"end":{"line":14,"column":3}},"loc":{"start":{"line":14,"column":11},"end":{"line":28,"column":3}},"line":14}},"branchMap":{},"s":{"0":0,"1":0,"2":0},"f":{"0":0,"1":0},"b":{},"_coverageSchema":"1a1c01bbd47fc00a2c39e90264f33305004495a9","hash":"a0134a6e1acf6f56123aa71cc06292aa3ed20699"}
,"/Users/andrewburlakov/Desktop/HackReactor_2021/RPP_30/4_SENIOR_PHASE/FEC_Capstone/Atelier/client/src/components/RnR/RnR.jsx": {"path":"/Users/andrewburlakov/Desktop/HackReactor_2021/RPP_30/4_SENIOR_PHASE/FEC_Capstone/Atelier/client/src/components/RnR/RnR.jsx","statementMap":{"0":{"start":{"line":8,"column":4},"end":{"line":8,"column":17}},"1":{"start":{"line":9,"column":4},"end":{"line":11,"column":6}},"2":{"start":{"line":16,"column":4},"end":{"line":28,"column":6}}},"fnMap":{"0":{"name":"(anonymous_0)","decl":{"start":{"line":7,"column":2},"end":{"line":7,"column":3}},"loc":{"start":{"line":7,"column":21},"end":{"line":12,"column":3}},"line":7},"1":{"name":"(anonymous_1)","decl":{"start":{"line":15,"column":2},"end":{"line":15,"column":3}},"loc":{"start":{"line":15,"column":11},"end":{"line":29,"column":3}},"line":15}},"branchMap":{},"s":{"0":2,"1":2,"2":2},"f":{"0":2,"1":2},"b":{},"_coverageSchema":"1a1c01bbd47fc00a2c39e90264f33305004495a9","hash":"84790ca5d8d4373d6d8c9838d2ca5d3ce5da4bb6"}
,"/Users/andrewburlakov/Desktop/HackReactor_2021/RPP_30/4_SENIOR_PHASE/FEC_Capstone/Atelier/client/src/fa-icons/fa-icons.js": {"path":"/Users/andrewburlakov/Desktop/HackReactor_2021/RPP_30/4_SENIOR_PHASE/FEC_Capstone/Atelier/client/src/fa-icons/fa-icons.js","statementMap":{"0":{"start":{"line":4,"column":0},"end":{"line":4,"column":22}}},"fnMap":{},"branchMap":{},"s":{"0":2},"f":{},"b":{},"_coverageSchema":"1a1c01bbd47fc00a2c39e90264f33305004495a9","hash":"ed5c41c62cbb70a99f3c65d838b0a6fd1fe04b59"}
}
